<?xml version="1.0" encoding="UTF-8"?>
<testsuite xmlns:xsi="http://www.w3.org/2001/XMLSchema-instance" xsi:noNamespaceSchemaLocation="https://maven.apache.org/surefire/maven-surefire-plugin/xsd/surefire-test-report-3.0.xsd" version="3.0" name="gsf.petclinicextension.PetClinicExtensionApplicationTests" time="7.426" tests="1" errors="0" skipped="0" failures="0">
  <properties>
[...]
</properties>
  <testcase name="contextLoads" classname="gsf.petclinicextension.PetClinicExtensionApplicationTests" time="0.4">
    <system-out><![CDATA[20:14:27.139 [main] INFO org.springframework.boot.devtools.restart.RestartApplicationListener -- Restart disabled due to context in which it is running

  .   ____          _            __ _ _
 /\\ / ___'_ __ _ _(_)_ __  __ _ \ \ \ \
( ( )\___ | '_ | '_| | '_ \/ _` | \ \ \ \
 \\/  ___)| |_)| | | | | || (_| |  ) ) ) )
  '  |____| .__|_| |_|_| |_\__, | / / / /
 =========|_|==============|___/=/_/_/_/
 :: Spring Boot ::                (v3.2.5)

2024-06-10T20:14:27.492+01:00  INFO 15484 --- [Pet-Clinic-Extension] [           main] g.p.PetClinicExtensionApplicationTests   : Starting PetClinicExtensionApplicationTests using Java 17.0.9 with PID 15484 (started by nikhi in D:\Guru\Pet\Pet-Clinic-Extension\Pet-Clinic-Extension\pet-clinic-web)
2024-06-10T20:14:27.494+01:00  INFO 15484 --- [Pet-Clinic-Extension] [           main] g.p.PetClinicExtensionApplicationTests   : No active profile set, falling back to 1 default profile: "default"
2024-06-10T20:14:28.815+01:00  INFO 15484 --- [Pet-Clinic-Extension] [           main] .s.d.r.c.RepositoryConfigurationDelegate : Bootstrapping Spring Data JPA repositories in DEFAULT mode.
2024-06-10T20:14:28.842+01:00  INFO 15484 --- [Pet-Clinic-Extension] [           main] .s.d.r.c.RepositoryConfigurationDelegate : Finished Spring Data repository scanning in 16 ms. Found 0 JPA repository interfaces.
2024-06-10T20:14:29.748+01:00  INFO 15484 --- [Pet-Clinic-Extension] [           main] com.zaxxer.hikari.HikariDataSource       : HikariPool-1 - Starting...
2024-06-10T20:14:30.128+01:00  INFO 15484 --- [Pet-Clinic-Extension] [           main] com.zaxxer.hikari.pool.HikariPool        : HikariPool-1 - Added connection conn0: url=jdbc:h2:mem:ef1d8603-42b5-448d-a5b6-73764b9d4b7f user=SA
2024-06-10T20:14:30.129+01:00  INFO 15484 --- [Pet-Clinic-Extension] [           main] com.zaxxer.hikari.HikariDataSource       : HikariPool-1 - Start completed.
2024-06-10T20:14:30.202+01:00  INFO 15484 --- [Pet-Clinic-Extension] [           main] o.hibernate.jpa.internal.util.LogHelper  : HHH000204: Processing PersistenceUnitInfo [name: default]
2024-06-10T20:14:30.305+01:00  INFO 15484 --- [Pet-Clinic-Extension] [           main] org.hibernate.Version                    : HHH000412: Hibernate ORM core version 6.4.4.Final
2024-06-10T20:14:30.359+01:00  INFO 15484 --- [Pet-Clinic-Extension] [           main] o.h.c.internal.RegionFactoryInitiator    : HHH000026: Second-level cache disabled
2024-06-10T20:14:30.774+01:00  INFO 15484 --- [Pet-Clinic-Extension] [           main] o.s.o.j.p.SpringPersistenceUnitInfo      : No LoadTimeWeaver setup: ignoring JPA class transformer
2024-06-10T20:14:31.284+01:00  INFO 15484 --- [Pet-Clinic-Extension] [           main] o.h.e.t.j.p.i.JtaPlatformInitiator       : HHH000489: No JTA platform available (set 'hibernate.transaction.jta.platform' to enable JTA platform integration)
2024-06-10T20:14:31.289+01:00  INFO 15484 --- [Pet-Clinic-Extension] [           main] j.LocalContainerEntityManagerFactoryBean : Initialized JPA EntityManagerFactory for persistence unit 'default'
2024-06-10T20:14:31.627+01:00  WARN 15484 --- [Pet-Clinic-Extension] [           main] JpaBaseConfiguration$JpaWebConfiguration : spring.jpa.open-in-view is enabled by default. Therefore, database queries may be performed during view rendering. Explicitly configure spring.jpa.open-in-view to disable this warning
2024-06-10T20:14:31.703+01:00  INFO 15484 --- [Pet-Clinic-Extension] [           main] o.s.b.a.w.s.WelcomePageHandlerMapping    : Adding welcome page template: index
2024-06-10T20:14:33.352+01:00  INFO 15484 --- [Pet-Clinic-Extension] [           main] o.s.b.a.e.web.EndpointLinksResolver      : Exposing 1 endpoint(s) beneath base path '/actuator'
2024-06-10T20:14:33.451+01:00  INFO 15484 --- [Pet-Clinic-Extension] [           main] g.p.PetClinicExtensionApplicationTests   : Started PetClinicExtensionApplicationTests in 6.351 seconds (process running for 7.967)
owners..... loading
vets..... loading
]]></system-out>
  </testcase>
</testsuite>